[05:55:05] [ServerMain/INFO]: [bootstrap] Running Java 21 (OpenJDK 64-Bit Server VM 21.0.6+7-Ubuntu-120.04.1; Ubuntu null) on Linux 6.8.0-1026-azure (amd64)
[05:55:05] [ServerMain/INFO]: [bootstrap] Loading Paper 1.21-130-master@b1b5d4c (2024-08-10T10:02:42Z) for Minecraft 1.21
[05:55:05] [ServerMain/INFO]: [PluginInitializerManager] Initializing plugins...
[05:55:06] [ServerMain/INFO]: [PluginInitializerManager] Initialized 1 plugin
[05:55:06] [ServerMain/INFO]: [PluginInitializerManager] Bukkit plugins (1):
 - TAB (5.2.0)
[05:55:12] [ServerMain/INFO]: Environment: Environment[sessionHost=https://sessionserver.mojang.com, servicesHost=https://api.minecraftservices.com, name=PROD]
[05:55:15] [ServerMain/INFO]: Loaded 1290 recipes
[05:55:16] [ServerMain/INFO]: Loaded 1399 advancements
[05:55:16] [Server thread/INFO]: Starting minecraft server version 1.21
[05:55:16] [Server thread/INFO]: Loading properties
[05:55:16] [Server thread/INFO]: This server is running Paper version 1.21-130-master@b1b5d4c (2024-08-10T10:02:42Z) (Implementing API version 1.21-R0.1-SNAPSHOT)
[05:55:17] [Server thread/INFO]: [spark] This server bundles the spark profiler. For more information please visit https://docs.papermc.io/paper/profiling
[05:55:17] [Server thread/INFO]: Using 4 threads for Netty based IO
[05:55:17] [Server thread/INFO]: Server Ping Player Sample Count: 12
[05:55:19] [Server thread/INFO]: [ChunkTaskScheduler] Chunk system is using 1 I/O threads, 1 worker threads, and population gen parallelism of 1 threads
[05:55:19] [Server thread/INFO]: Default game type: SURVIVAL
[05:55:19] [Server thread/INFO]: Generating keypair
[05:55:19] [Server thread/INFO]: Starting Minecraft server on *:25565
[05:55:19] [Server thread/INFO]: Using epoll channel type
[05:55:19] [Server thread/INFO]: Paper: Using libdeflate (Linux x86_64) compression from Velocity.
[05:55:19] [Server thread/INFO]: Paper: Using OpenSSL 1.1.x (Linux x86_64) cipher from Velocity.
[05:55:19] [Server thread/INFO]: [TAB] Loading server plugin TAB v5.2.0
[05:55:19] [Server thread/INFO]: Server permissions file permissions.yml is empty, ignoring it
[05:55:19] [Server thread/WARN]: **** SERVER IS RUNNING IN OFFLINE/INSECURE MODE!
[05:55:19] [Server thread/WARN]: The server will make no attempt to authenticate usernames. Beware.
[05:55:19] [Server thread/WARN]: While this makes the game possible to play without internet access, it also opens up the ability for hackers to connect with any username they choose.
[05:55:19] [Server thread/WARN]: To change this, set "online-mode" to "true" in the server.properties file.
[05:55:19] [Server thread/INFO]: Preparing level "world"
[05:55:20] [Server thread/INFO]: Preparing start region for dimension minecraft:overworld
[05:55:22] [Server thread/INFO]: Time elapsed: 2166 ms
[05:55:22] [Server thread/INFO]: Preparing start region for dimension minecraft:the_nether
[05:55:23] [Server thread/INFO]: Time elapsed: 436 ms
[05:55:23] [Server thread/INFO]: Preparing start region for dimension minecraft:the_end
[05:55:23] [Server thread/INFO]: Time elapsed: 241 ms
[05:55:23] [Server thread/INFO]: [TAB] Enabling TAB v5.2.0
[05:55:24] [Server thread/INFO]: [TAB] Loaded NMS hook in 388ms
[05:55:26] [Server thread/INFO]: [TAB] Enabled in 2272ms
[05:55:27] [Server thread/INFO]: [spark] Starting background profiler...
[05:55:27] [Server thread/INFO]: Done preparing level "world" (8.109s)
[05:55:27] [Server thread/INFO]: Running delayed init tasks
[05:55:27] [Server thread/INFO]: Done (24.086s)! For help, type "help"
[05:55:27] [Server thread/INFO]: Timings Reset
